Using pre-set license
Built from '2020.2/release' branch; Version is '2020.2.2f1 (068178b99f32) revision 426360'; Using compiler version '192528614'; Build Type 'Release'
OS: 'Windows 10 Home Single Language; OS build 19044.1826; Version 2009; 64bit' Language: 'ru' Physical Memory: 8071 MB
BatchMode: 1, IsHumanControllingUs: 0, StartBugReporterOnCrash: 0, Is64bit: 1, IsPro: 0

 COMMAND LINE ARGUMENTS:
C:\distrib\unity\2020.2.2f1\Editor\Unity.exe
-adb2
-batchMode
-noUpm
-name
AssetImportWorker1
-projectPath
E:/Coding/Games/PurpleGames/Work_escape
-logFile
Logs/AssetImportWorker1.log
-srvPort
50606
Successfully changed project path to: E:/Coding/Games/PurpleGames/Work_escape
E:/Coding/Games/PurpleGames/Work_escape
Using Asset Import Pipeline V2.
Refreshing native plugins compatible for Editor in 212.84 ms, found 2 plugins.
Preloading 0 native plugins for Editor in 0.00 ms.
Initialize engine version: 2020.2.2f1 (068178b99f32)
[Subsystems] Discovering subsystems at path C:/distrib/unity/2020.2.2f1/Editor/Data/Resources/UnitySubsystems
[Subsystems] Discovering subsystems at path E:/Coding/Games/PurpleGames/Work_escape/Assets
GfxDevice: creating device client; threaded=0
Direct3D:
    Version:  Direct3D 11.0 [level 11.0]
    Renderer: NVIDIA GeForce MX110 (ID=0x174e)
    Vendor:   
    VRAM:     2010 MB
    Driver:   27.21.14.6231
Initialize mono
Mono path[0] = 'C:/distrib/unity/2020.2.2f1/Editor/Data/Managed'
Mono path[1] = 'C:/distrib/unity/2020.2.2f1/Editor/Data/MonoBleedingEdge/lib/mono/unityjit'
Mono config path = 'C:/distrib/unity/2020.2.2f1/Editor/Data/MonoBleedingEdge/etc'
Using monoOptions --debugger-agent=transport=dt_socket,embedding=1,server=y,suspend=n,address=127.0.0.1:56456
Begin MonoManager ReloadAssembly
Registering precompiled unity dll's ...
Register platform support module: C:/distrib/unity/2020.2.2f1/Editor/Data/PlaybackEngines/WindowsStandaloneSupport/UnityEditor.WindowsStandalone.Extensions.dll
Registered in 0.002932 seconds.
Native extension for WindowsStandalone target not found
Refreshing native plugins compatible for Editor in 168.81 ms, found 2 plugins.
Preloading 0 native plugins for Editor in 0.00 ms.
Invoked RoslynAnalysisRunner static constructor.
RoslynAnalysisRunner will not be running.
RoslynAnalysisRunner has terminated.
Mono: successfully reloaded assembly
- Completed reload, in  4.451 seconds
Platform modules already initialized, skipping
Registering precompiled user dll's ...
Registered in 0.006732 seconds.
Begin MonoManager ReloadAssembly
Native extension for WindowsStandalone target not found
Refreshing native plugins compatible for Editor in 1.01 ms, found 2 plugins.
Preloading 0 native plugins for Editor in 0.00 ms.
Invoked RoslynAnalysisRunner static constructor.
RoslynAnalysisRunner will not be running.
RoslynAnalysisRunner has terminated.
Mono: successfully reloaded assembly
- Completed reload, in  4.509 seconds
Platform modules already initialized, skipping
========================================================================
Worker process is ready to serve import requests
Launched and connected shader compiler UnityShaderCompiler.exe after 0.18 seconds
Refreshing native plugins compatible for Editor in 1.15 ms, found 2 plugins.
Preloading 0 native plugins for Editor in 0.00 ms.
Unloading 1607 Unused Serialized files (Serialized files now loaded: 0)
System memory in use before: 110.6 MB.
System memory in use after: 110.6 MB.

Unloading 41 unused Assets to reduce memory usage. Loaded Objects now: 2042.
Total: 3.855500 ms (FindLiveObjects: 0.284500 ms CreateObjectMapping: 0.116900 ms MarkObjects: 3.034400 ms  DeleteObjects: 0.417100 ms)

========================================================================
Received Import Request.
  path: Assets/Animations/Character/Laughing.fbx
  artifactKey: Guid(3d9496c7bea9e894eb306c8d4a81d773) Importer(815301076,1909f56bfc062723c751e8b465ee728b)
Start importing Assets/Animations/Character/Laughing.fbx using Guid(3d9496c7bea9e894eb306c8d4a81d773) Importer(815301076,1909f56bfc062723c751e8b465ee728b)  -> (artifact id: '9acc12ed7e40ae8471df3e5d38b64533') in 0.621025 seconds
  Import took 0.631663 seconds .

========================================================================
Received Import Request.
  Time since last request: 0.000331 seconds.
  path: Assets/Animations/Character/Shaking It Off.fbx
  artifactKey: Guid(11a4efae1b25f054aa19cbfbe0e6b733) Importer(815301076,1909f56bfc062723c751e8b465ee728b)
Start importing Assets/Animations/Character/Shaking It Off.fbx using Guid(11a4efae1b25f054aa19cbfbe0e6b733) Importer(815301076,1909f56bfc062723c751e8b465ee728b)  -> (artifact id: '03c0b248ef13d028350242ba4311b66e') in 0.138406 seconds
  Import took 0.145848 seconds .

========================================================================
Received Import Request.
  Time since last request: 8.473704 seconds.
  path: Assets/Animations/Character/Shaking It Off.fbx
  artifactKey: Guid(11a4efae1b25f054aa19cbfbe0e6b733) Importer(815301076,1909f56bfc062723c751e8b465ee728b)
Start importing Assets/Animations/Character/Shaking It Off.fbx using Guid(11a4efae1b25f054aa19cbfbe0e6b733) Importer(815301076,1909f56bfc062723c751e8b465ee728b)  -> (artifact id: '1f08e578fb2199b939dc012a8f0e5754') in 0.084907 seconds
  Import took 0.094427 seconds .

========================================================================
Received Import Request.
  Time since last request: 10.346822 seconds.
  path: Assets/Animations/Character/Shaking It Off.fbx
  artifactKey: Guid(11a4efae1b25f054aa19cbfbe0e6b733) Importer(815301076,1909f56bfc062723c751e8b465ee728b)
Start importing Assets/Animations/Character/Shaking It Off.fbx using Guid(11a4efae1b25f054aa19cbfbe0e6b733) Importer(815301076,1909f56bfc062723c751e8b465ee728b)  -> (artifact id: '520ba47cd898bdaba5ba72edf884303a') in 0.112449 seconds
  Import took 0.119933 seconds .

========================================================================
Received Import Request.
  Time since last request: 10.736102 seconds.
  path: Assets/Animations/Character/Laughing.fbx
  artifactKey: Guid(3d9496c7bea9e894eb306c8d4a81d773) Importer(815301076,1909f56bfc062723c751e8b465ee728b)
Start importing Assets/Animations/Character/Laughing.fbx using Guid(3d9496c7bea9e894eb306c8d4a81d773) Importer(815301076,1909f56bfc062723c751e8b465ee728b)  -> (artifact id: '1d6a7b8db338266d241e0942432466dd') in 0.385435 seconds
  Import took 0.391300 seconds .

========================================================================
Received Import Request.
  Time since last request: 5.799388 seconds.
  path: Assets/Animations/Character/Laughing.fbx
  artifactKey: Guid(3d9496c7bea9e894eb306c8d4a81d773) Importer(815301076,1909f56bfc062723c751e8b465ee728b)
Start importing Assets/Animations/Character/Laughing.fbx using Guid(3d9496c7bea9e894eb306c8d4a81d773) Importer(815301076,1909f56bfc062723c751e8b465ee728b)  -> (artifact id: '668bf814b06e3a17b711166100d52951') in 0.116055 seconds
  Import took 0.122847 seconds .

========================================================================
Received Prepare
Registering precompiled user dll's ...
Registered in 0.295308 seconds.
Begin MonoManager ReloadAssembly
Native extension for WindowsStandalone target not found
Refreshing native plugins compatible for Editor in 1.56 ms, found 2 plugins.
Preloading 0 native plugins for Editor in 0.00 ms.
Invoked RoslynAnalysisRunner static constructor.
RoslynAnalysisRunner will not be running.
RoslynAnalysisRunner has terminated.
Mono: successfully reloaded assembly
- Completed reload, in  1.429 seconds
Platform modules already initialized, skipping
Switching build target platform(5) subTarget(0) extendedPlatform(0) -> platform(13) subTarget(537395200) extendedPlatform(0)
Refreshing native plugins compatible for Editor in 0.96 ms, found 2 plugins.
Preloading 0 native plugins for Editor in 0.00 ms.
Unloading 1516 Unused Serialized files (Serialized files now loaded: 0)
System memory in use before: 115.5 MB.
System memory in use after: 115.6 MB.

Unloading 36 unused Assets to reduce memory usage. Loaded Objects now: 2089.
Total: 2.607700 ms (FindLiveObjects: 0.274400 ms CreateObjectMapping: 0.075000 ms MarkObjects: 2.098400 ms  DeleteObjects: 0.157800 ms)

AssetImportParameters requested are different than current active one (requested -> active):
  custom:graphics/normal-map-encoding: 01000000000000000000000000000000 -> 02000000000000000000000000000000
========================================================================
Received Prepare
Registering precompiled user dll's ...
Registered in 0.010638 seconds.
Begin MonoManager ReloadAssembly
Native extension for WindowsStandalone target not found
Refreshing native plugins compatible for Editor in 1.77 ms, found 2 plugins.
Preloading 0 native plugins for Editor in 0.00 ms.
Invoked RoslynAnalysisRunner static constructor.
RoslynAnalysisRunner will not be running.
RoslynAnalysisRunner has terminated.
Mono: successfully reloaded assembly
- Completed reload, in  1.883 seconds
Platform modules already initialized, skipping
Switching build target platform(5) subTarget(0) extendedPlatform(0) -> platform(13) subTarget(537395200) extendedPlatform(0)
Refreshing native plugins compatible for Editor in 1.17 ms, found 2 plugins.
Preloading 0 native plugins for Editor in 0.00 ms.
Unloading 1515 Unused Serialized files (Serialized files now loaded: 0)
System memory in use before: 115.7 MB.
System memory in use after: 115.8 MB.

Unloading 36 unused Assets to reduce memory usage. Loaded Objects now: 2091.
Total: 4.013600 ms (FindLiveObjects: 0.262600 ms CreateObjectMapping: 0.087700 ms MarkObjects: 3.488200 ms  DeleteObjects: 0.172600 ms)

AssetImportParameters requested are different than current active one (requested -> active):
  custom:graphics/normal-map-encoding: 01000000000000000000000000000000 -> 02000000000000000000000000000000
========================================================================
Received Prepare
Registering precompiled user dll's ...
Registered in 0.008467 seconds.
Begin MonoManager ReloadAssembly
Native extension for WindowsStandalone target not found
Refreshing native plugins compatible for Editor in 33.06 ms, found 2 plugins.
Preloading 0 native plugins for Editor in 0.00 ms.
Invoked RoslynAnalysisRunner static constructor.
RoslynAnalysisRunner will not be running.
RoslynAnalysisRunner has terminated.
Mono: successfully reloaded assembly
- Completed reload, in  2.219 seconds
Platform modules already initialized, skipping
Switching build target platform(5) subTarget(0) extendedPlatform(0) -> platform(13) subTarget(537395200) extendedPlatform(0)
Refreshing native plugins compatible for Editor in 1.75 ms, found 2 plugins.
Preloading 0 native plugins for Editor in 0.00 ms.
Unloading 1515 Unused Serialized files (Serialized files now loaded: 0)
System memory in use before: 116.0 MB.
System memory in use after: 116.0 MB.

Unloading 36 unused Assets to reduce memory usage. Loaded Objects now: 2093.
Total: 3.686800 ms (FindLiveObjects: 0.483600 ms CreateObjectMapping: 0.152000 ms MarkObjects: 2.840700 ms  DeleteObjects: 0.207500 ms)

AssetImportParameters requested are different than current active one (requested -> active):
  custom:graphics/normal-map-encoding: 01000000000000000000000000000000 -> 02000000000000000000000000000000
AssetImportWorkerClient::OnTransportError - code=2 error=End of file
