Using pre-set license
Built from '2020.2/release' branch; Version is '2020.2.2f1 (068178b99f32) revision 426360'; Using compiler version '192528614'; Build Type 'Release'
OS: 'Windows 10 Home Single Language; OS build 19044.1826; Version 2009; 64bit' Language: 'ru' Physical Memory: 8071 MB
BatchMode: 1, IsHumanControllingUs: 0, StartBugReporterOnCrash: 0, Is64bit: 1, IsPro: 0

 COMMAND LINE ARGUMENTS:
C:\distrib\unity\2020.2.2f1\Editor\Unity.exe
-adb2
-batchMode
-noUpm
-name
AssetImportWorker1
-projectPath
E:/Coding/Games/PurpleGames/Work_escape
-logFile
Logs/AssetImportWorker1.log
-srvPort
50551
Successfully changed project path to: E:/Coding/Games/PurpleGames/Work_escape
E:/Coding/Games/PurpleGames/Work_escape
Using Asset Import Pipeline V2.
Refreshing native plugins compatible for Editor in 112.72 ms, found 2 plugins.
Preloading 0 native plugins for Editor in 0.00 ms.
Initialize engine version: 2020.2.2f1 (068178b99f32)
[Subsystems] Discovering subsystems at path C:/distrib/unity/2020.2.2f1/Editor/Data/Resources/UnitySubsystems
[Subsystems] Discovering subsystems at path E:/Coding/Games/PurpleGames/Work_escape/Assets
GfxDevice: creating device client; threaded=0
Direct3D:
    Version:  Direct3D 11.0 [level 11.0]
    Renderer: NVIDIA GeForce MX110 (ID=0x174e)
    Vendor:   
    VRAM:     2010 MB
    Driver:   27.21.14.6231
Initialize mono
Mono path[0] = 'C:/distrib/unity/2020.2.2f1/Editor/Data/Managed'
Mono path[1] = 'C:/distrib/unity/2020.2.2f1/Editor/Data/MonoBleedingEdge/lib/mono/unityjit'
Mono config path = 'C:/distrib/unity/2020.2.2f1/Editor/Data/MonoBleedingEdge/etc'
Using monoOptions --debugger-agent=transport=dt_socket,embedding=1,server=y,suspend=n,address=127.0.0.1:56056
Begin MonoManager ReloadAssembly
Registering precompiled unity dll's ...
Register platform support module: C:/distrib/unity/2020.2.2f1/Editor/Data/PlaybackEngines/WindowsStandaloneSupport/UnityEditor.WindowsStandalone.Extensions.dll
Registered in 0.002346 seconds.
Native extension for WindowsStandalone target not found
Refreshing native plugins compatible for Editor in 96.85 ms, found 2 plugins.
Preloading 0 native plugins for Editor in 0.00 ms.
Invoked RoslynAnalysisRunner static constructor.
RoslynAnalysisRunner will not be running.
RoslynAnalysisRunner has terminated.
Mono: successfully reloaded assembly
- Completed reload, in  2.945 seconds
Platform modules already initialized, skipping
Registering precompiled user dll's ...
Registered in 0.006890 seconds.
Begin MonoManager ReloadAssembly
Native extension for WindowsStandalone target not found
Refreshing native plugins compatible for Editor in 1.35 ms, found 2 plugins.
Preloading 0 native plugins for Editor in 0.00 ms.
Invoked RoslynAnalysisRunner static constructor.
RoslynAnalysisRunner will not be running.
RoslynAnalysisRunner has terminated.
Mono: successfully reloaded assembly
- Completed reload, in  1.512 seconds
Platform modules already initialized, skipping
========================================================================
Worker process is ready to serve import requests
Launched and connected shader compiler UnityShaderCompiler.exe after 0.16 seconds
Refreshing native plugins compatible for Editor in 0.99 ms, found 2 plugins.
Preloading 0 native plugins for Editor in 0.00 ms.
Unloading 1607 Unused Serialized files (Serialized files now loaded: 0)
System memory in use before: 110.3 MB.
System memory in use after: 110.3 MB.

Unloading 41 unused Assets to reduce memory usage. Loaded Objects now: 2042.
Total: 3.372100 ms (FindLiveObjects: 0.783300 ms CreateObjectMapping: 0.127600 ms MarkObjects: 2.198000 ms  DeleteObjects: 0.260100 ms)

========================================================================
Received Import Request.
  path: Assets/Prefabs/Game/WorkEscape_v3.prefab
  artifactKey: Guid(35e1f39f376c9864ab480c4899f3f524) Importer(815301076,1909f56bfc062723c751e8b465ee728b)
Start importing Assets/Prefabs/Game/WorkEscape_v3.prefab using Guid(35e1f39f376c9864ab480c4899f3f524) Importer(815301076,1909f56bfc062723c751e8b465ee728b)  -> (artifact id: '96e71785955bc7f729999da6dfb7e945') in 2.058729 seconds
  Import took 2.064523 seconds .

AssetImportWorkerClient::OnTransportError - code=2 error=End of file
