Using pre-set license
Built from '2020.2/release' branch; Version is '2020.2.2f1 (068178b99f32) revision 426360'; Using compiler version '192528614'; Build Type 'Release'
OS: 'Windows 10 Home Single Language; OS build 19042.1466; Version 2009; 64bit' Language: 'ru' Physical Memory: 8071 MB
BatchMode: 1, IsHumanControllingUs: 0, StartBugReporterOnCrash: 0, Is64bit: 1, IsPro: 0

 COMMAND LINE ARGUMENTS:
C:\distrib\unity\2020.2.2f1\Editor\Unity.exe
-adb2
-batchMode
-noUpm
-name
AssetImportWorker2
-projectPath
E:/Coding/Games/PurpleGames/Work_escape
-logFile
Logs/AssetImportWorker2.log
-srvPort
64257
Successfully changed project path to: E:/Coding/Games/PurpleGames/Work_escape
E:/Coding/Games/PurpleGames/Work_escape
Using Asset Import Pipeline V2.
Refreshing native plugins compatible for Editor in 111.86 ms, found 2 plugins.
Preloading 0 native plugins for Editor in 0.00 ms.
Initialize engine version: 2020.2.2f1 (068178b99f32)
[Subsystems] Discovering subsystems at path C:/distrib/unity/2020.2.2f1/Editor/Data/Resources/UnitySubsystems
[Subsystems] Discovering subsystems at path E:/Coding/Games/PurpleGames/Work_escape/Assets
GfxDevice: creating device client; threaded=0
Direct3D:
    Version:  Direct3D 11.0 [level 11.0]
    Renderer: NVIDIA GeForce MX110 (ID=0x174e)
    Vendor:   
    VRAM:     2010 MB
    Driver:   27.21.14.6231
Initialize mono
Mono path[0] = 'C:/distrib/unity/2020.2.2f1/Editor/Data/Managed'
Mono path[1] = 'C:/distrib/unity/2020.2.2f1/Editor/Data/MonoBleedingEdge/lib/mono/unityjit'
Mono config path = 'C:/distrib/unity/2020.2.2f1/Editor/Data/MonoBleedingEdge/etc'
Using monoOptions --debugger-agent=transport=dt_socket,embedding=1,server=y,suspend=n,address=127.0.0.1:56804
Begin MonoManager ReloadAssembly
Registering precompiled unity dll's ...
Register platform support module: C:/distrib/unity/2020.2.2f1/Editor/Data/PlaybackEngines/WindowsStandaloneSupport/UnityEditor.WindowsStandalone.Extensions.dll
Registered in 0.003886 seconds.
Native extension for WindowsStandalone target not found
Refreshing native plugins compatible for Editor in 89.44 ms, found 2 plugins.
Preloading 0 native plugins for Editor in 0.00 ms.
Invoked RoslynAnalysisRunner static constructor.
RoslynAnalysisRunner will not be running.
RoslynAnalysisRunner has terminated.
Mono: successfully reloaded assembly
- Completed reload, in  2.974 seconds
Platform modules already initialized, skipping
Registering precompiled user dll's ...
Registered in 0.008997 seconds.
Begin MonoManager ReloadAssembly
Native extension for WindowsStandalone target not found
Refreshing native plugins compatible for Editor in 1.13 ms, found 2 plugins.
Preloading 0 native plugins for Editor in 0.00 ms.
Invoked RoslynAnalysisRunner static constructor.
RoslynAnalysisRunner will not be running.
RoslynAnalysisRunner has terminated.
Mono: successfully reloaded assembly
- Completed reload, in  1.669 seconds
Platform modules already initialized, skipping
========================================================================
Worker process is ready to serve import requests
Launched and connected shader compiler UnityShaderCompiler.exe after 0.09 seconds
Refreshing native plugins compatible for Editor in 1.91 ms, found 2 plugins.
Preloading 0 native plugins for Editor in 0.00 ms.
Unloading 1586 Unused Serialized files (Serialized files now loaded: 0)
System memory in use before: 109.7 MB.
System memory in use after: 109.8 MB.

Unloading 41 unused Assets to reduce memory usage. Loaded Objects now: 2021.
Total: 4.993400 ms (FindLiveObjects: 0.570600 ms CreateObjectMapping: 0.134900 ms MarkObjects: 3.597700 ms  DeleteObjects: 0.684100 ms)

========================================================================
Received Import Request.
  path: Assets/Prefabs/Game/WorkEscape.prefab
  artifactKey: Guid(c0b0fcc7813d24d4ab31a84e92a25c8c) Importer(815301076,1909f56bfc062723c751e8b465ee728b)
Start importing Assets/Prefabs/Game/WorkEscape.prefab using Guid(c0b0fcc7813d24d4ab31a84e92a25c8c) Importer(815301076,1909f56bfc062723c751e8b465ee728b)  -> (artifact id: '570937251943c9d197503b4022938413') in 4.112430 seconds
  Import took 4.121034 seconds .

========================================================================
Received Prepare
Registering precompiled user dll's ...
Registered in 0.007473 seconds.
Begin MonoManager ReloadAssembly
Native extension for WindowsStandalone target not found
Refreshing native plugins compatible for Editor in 0.94 ms, found 2 plugins.
Preloading 0 native plugins for Editor in 0.00 ms.
Invoked RoslynAnalysisRunner static constructor.
RoslynAnalysisRunner will not be running.
RoslynAnalysisRunner has terminated.
Mono: successfully reloaded assembly
- Completed reload, in  1.700 seconds
Platform modules already initialized, skipping
Switching build target platform(5) subTarget(0) extendedPlatform(0) -> platform(13) subTarget(537395200) extendedPlatform(0)
Refreshing native plugins compatible for Editor in 2.22 ms, found 2 plugins.
Preloading 0 native plugins for Editor in 0.00 ms.
Unloading 1495 Unused Serialized files (Serialized files now loaded: 0)
System memory in use before: 114.2 MB.
System memory in use after: 114.2 MB.

Unloading 37 unused Assets to reduce memory usage. Loaded Objects now: 2035.
Total: 4.073300 ms (FindLiveObjects: 0.360000 ms CreateObjectMapping: 0.163400 ms MarkObjects: 3.284300 ms  DeleteObjects: 0.263100 ms)

AssetImportParameters requested are different than current active one (requested -> active):
  custom:graphics/normal-map-encoding: 01000000000000000000000000000000 -> 02000000000000000000000000000000
========================================================================
Received Prepare
Registering precompiled user dll's ...
Registered in 0.007074 seconds.
Begin MonoManager ReloadAssembly
Native extension for WindowsStandalone target not found
Refreshing native plugins compatible for Editor in 0.99 ms, found 2 plugins.
Preloading 0 native plugins for Editor in 0.00 ms.
Invoked RoslynAnalysisRunner static constructor.
RoslynAnalysisRunner will not be running.
RoslynAnalysisRunner has terminated.
Mono: successfully reloaded assembly
- Completed reload, in  2.435 seconds
Platform modules already initialized, skipping
Switching build target platform(5) subTarget(0) extendedPlatform(0) -> platform(13) subTarget(537395200) extendedPlatform(0)
Refreshing native plugins compatible for Editor in 1.28 ms, found 2 plugins.
Preloading 0 native plugins for Editor in 0.00 ms.
Unloading 1494 Unused Serialized files (Serialized files now loaded: 0)
System memory in use before: 114.3 MB.
System memory in use after: 114.3 MB.

Unloading 36 unused Assets to reduce memory usage. Loaded Objects now: 2037.
Total: 4.780600 ms (FindLiveObjects: 0.361900 ms CreateObjectMapping: 0.120400 ms MarkObjects: 2.757300 ms  DeleteObjects: 1.538800 ms)

AssetImportParameters requested are different than current active one (requested -> active):
  custom:graphics/normal-map-encoding: 01000000000000000000000000000000 -> 02000000000000000000000000000000
========================================================================
Received Import Request.
  Time since last request: 555.074973 seconds.
  path: Assets/Scripts
  artifactKey: Guid(0d5cd272cfc4cf544be7b88cc2a3b26f) Importer(815301076,1909f56bfc062723c751e8b465ee728b)
Start importing Assets/Scripts using Guid(0d5cd272cfc4cf544be7b88cc2a3b26f) Importer(815301076,1909f56bfc062723c751e8b465ee728b)  -> (artifact id: '377bb8acfc84d9fa5b98787e6d69d4a8') in 0.035400 seconds
  Import took 0.042170 seconds .

========================================================================
Received Import Request.
  Time since last request: 1.538826 seconds.
  path: Assets/Scripts/GameSceneManager
  artifactKey: Guid(c882b3e46814803429f02f5faa36a3e0) Importer(815301076,1909f56bfc062723c751e8b465ee728b)
Start importing Assets/Scripts/GameSceneManager using Guid(c882b3e46814803429f02f5faa36a3e0) Importer(815301076,1909f56bfc062723c751e8b465ee728b)  -> (artifact id: '2655305181933d943ea689644f535c4f') in 0.017254 seconds
  Import took 0.022471 seconds .

========================================================================
Received Import Request.
  Time since last request: 0.002569 seconds.
  path: Assets/Scripts/GameSceneManager
  artifactKey: Guid(c882b3e46814803429f02f5faa36a3e0) Importer(815301076,1909f56bfc062723c751e8b465ee728b)
Start importing Assets/Scripts/GameSceneManager using Guid(c882b3e46814803429f02f5faa36a3e0) Importer(815301076,1909f56bfc062723c751e8b465ee728b)  -> (artifact id: '2655305181933d943ea689644f535c4f') in 0.011714 seconds
  Import took 0.017010 seconds .

========================================================================
Received Import Request.
  Time since last request: 7.864086 seconds.
  path: Assets/Scripts/EnemyScripts
  artifactKey: Guid(c3dafc8f486b5b04583c9d335a7a8416) Importer(815301076,1909f56bfc062723c751e8b465ee728b)
Start importing Assets/Scripts/EnemyScripts using Guid(c3dafc8f486b5b04583c9d335a7a8416) Importer(815301076,1909f56bfc062723c751e8b465ee728b)  -> (artifact id: '75074cfd8ac9f9a172305fafa3e45a92') in 0.030220 seconds
  Import took 0.035569 seconds .

========================================================================
Received Import Request.
  Time since last request: 72.700346 seconds.
  path: Assets/Scripts/EnemyScripts/FieldOfView.cs
  artifactKey: Guid(b40709a281b4aec48bfbb7116862abf9) Importer(815301076,1909f56bfc062723c751e8b465ee728b)
Start importing Assets/Scripts/EnemyScripts/FieldOfView.cs using Guid(b40709a281b4aec48bfbb7116862abf9) Importer(815301076,1909f56bfc062723c751e8b465ee728b)  -> (artifact id: '6581a3e7ab3489891db502bf037d0d2b') in 0.053495 seconds
  Import took 0.060322 seconds .

========================================================================
Received Prepare
Registering precompiled user dll's ...
Registered in 0.008668 seconds.
Begin MonoManager ReloadAssembly
Native extension for WindowsStandalone target not found
Refreshing native plugins compatible for Editor in 0.96 ms, found 2 plugins.
Preloading 0 native plugins for Editor in 0.00 ms.
Invoked RoslynAnalysisRunner static constructor.
RoslynAnalysisRunner will not be running.
RoslynAnalysisRunner has terminated.
Mono: successfully reloaded assembly
- Completed reload, in  2.009 seconds
Platform modules already initialized, skipping
Switching build target platform(5) subTarget(0) extendedPlatform(0) -> platform(13) subTarget(537395200) extendedPlatform(0)
Refreshing native plugins compatible for Editor in 1.13 ms, found 2 plugins.
Preloading 0 native plugins for Editor in 0.00 ms.
Unloading 1495 Unused Serialized files (Serialized files now loaded: 0)
System memory in use before: 114.5 MB.
System memory in use after: 114.6 MB.

Unloading 36 unused Assets to reduce memory usage. Loaded Objects now: 2040.
Total: 2.711200 ms (FindLiveObjects: 0.238100 ms CreateObjectMapping: 0.079100 ms MarkObjects: 2.209800 ms  DeleteObjects: 0.181700 ms)

AssetImportParameters requested are different than current active one (requested -> active):
  custom:graphics/normal-map-encoding: 01000000000000000000000000000000 -> 02000000000000000000000000000000
========================================================================
Received Import Request.
  Time since last request: 49.758602 seconds.
  path: Assets/Scripts/EnemyScripts/FieldOfView.cs
  artifactKey: Guid(b40709a281b4aec48bfbb7116862abf9) Importer(815301076,1909f56bfc062723c751e8b465ee728b)
Start importing Assets/Scripts/EnemyScripts/FieldOfView.cs using Guid(b40709a281b4aec48bfbb7116862abf9) Importer(815301076,1909f56bfc062723c751e8b465ee728b)  -> (artifact id: '35a1077cc4c9144f2d6fe373c99b11e5') in 0.014464 seconds
  Import took 0.018646 seconds .

========================================================================
Received Prepare
Registering precompiled user dll's ...
Registered in 0.011672 seconds.
Begin MonoManager ReloadAssembly
Native extension for WindowsStandalone target not found
Refreshing native plugins compatible for Editor in 2.53 ms, found 2 plugins.
Preloading 0 native plugins for Editor in 0.00 ms.
Invoked RoslynAnalysisRunner static constructor.
RoslynAnalysisRunner will not be running.
RoslynAnalysisRunner has terminated.
Mono: successfully reloaded assembly
- Completed reload, in  1.695 seconds
Platform modules already initialized, skipping
Switching build target platform(5) subTarget(0) extendedPlatform(0) -> platform(13) subTarget(537395200) extendedPlatform(0)
Refreshing native plugins compatible for Editor in 1.04 ms, found 2 plugins.
Preloading 0 native plugins for Editor in 0.00 ms.
Unloading 1495 Unused Serialized files (Serialized files now loaded: 0)
System memory in use before: 114.7 MB.
System memory in use after: 114.7 MB.

Unloading 36 unused Assets to reduce memory usage. Loaded Objects now: 2042.
Total: 3.712100 ms (FindLiveObjects: 0.449500 ms CreateObjectMapping: 0.155500 ms MarkObjects: 2.935400 ms  DeleteObjects: 0.168800 ms)

AssetImportParameters requested are different than current active one (requested -> active):
  custom:graphics/normal-map-encoding: 01000000000000000000000000000000 -> 02000000000000000000000000000000
========================================================================
Received Prepare
Registering precompiled user dll's ...
Registered in 0.011661 seconds.
Begin MonoManager ReloadAssembly
Native extension for WindowsStandalone target not found
Refreshing native plugins compatible for Editor in 1.00 ms, found 2 plugins.
Preloading 0 native plugins for Editor in 0.00 ms.
Invoked RoslynAnalysisRunner static constructor.
RoslynAnalysisRunner will not be running.
RoslynAnalysisRunner has terminated.
Mono: successfully reloaded assembly
- Completed reload, in  1.924 seconds
Platform modules already initialized, skipping
Switching build target platform(5) subTarget(0) extendedPlatform(0) -> platform(13) subTarget(537395200) extendedPlatform(0)
Refreshing native plugins compatible for Editor in 0.96 ms, found 2 plugins.
Preloading 0 native plugins for Editor in 0.00 ms.
Unloading 1495 Unused Serialized files (Serialized files now loaded: 0)
System memory in use before: 114.8 MB.
System memory in use after: 114.9 MB.

Unloading 36 unused Assets to reduce memory usage. Loaded Objects now: 2044.
Total: 2.452000 ms (FindLiveObjects: 0.230700 ms CreateObjectMapping: 0.078800 ms MarkObjects: 1.967100 ms  DeleteObjects: 0.173100 ms)

AssetImportParameters requested are different than current active one (requested -> active):
  custom:graphics/normal-map-encoding: 01000000000000000000000000000000 -> 02000000000000000000000000000000
========================================================================
Received Prepare
Registering precompiled user dll's ...
Registered in 0.198250 seconds.
Begin MonoManager ReloadAssembly
Native extension for WindowsStandalone target not found
Refreshing native plugins compatible for Editor in 0.95 ms, found 2 plugins.
Preloading 0 native plugins for Editor in 0.00 ms.
Invoked RoslynAnalysisRunner static constructor.
RoslynAnalysisRunner will not be running.
RoslynAnalysisRunner has terminated.
Mono: successfully reloaded assembly
- Completed reload, in  1.343 seconds
Platform modules already initialized, skipping
Switching build target platform(5) subTarget(0) extendedPlatform(0) -> platform(13) subTarget(537395200) extendedPlatform(0)
Refreshing native plugins compatible for Editor in 0.95 ms, found 2 plugins.
Preloading 0 native plugins for Editor in 0.00 ms.
Unloading 1495 Unused Serialized files (Serialized files now loaded: 0)
System memory in use before: 114.9 MB.
System memory in use after: 114.9 MB.

Unloading 36 unused Assets to reduce memory usage. Loaded Objects now: 2046.
Total: 2.991300 ms (FindLiveObjects: 0.493300 ms CreateObjectMapping: 0.277000 ms MarkObjects: 2.049200 ms  DeleteObjects: 0.168900 ms)

AssetImportParameters requested are different than current active one (requested -> active):
  custom:graphics/normal-map-encoding: 01000000000000000000000000000000 -> 02000000000000000000000000000000
========================================================================
Received Import Request.
  Time since last request: 1482.239029 seconds.
  path: ProjectSettings/TagManager.asset
  artifactKey: Guid(00000000000000003000000000000000) Importer(815301076,1909f56bfc062723c751e8b465ee728b)
Start importing ProjectSettings/TagManager.asset using Guid(00000000000000003000000000000000) Importer(815301076,1909f56bfc062723c751e8b465ee728b)  -> (artifact id: 'e8c3ab6b558fa7fe7c42e9a55a892947') in 0.056677 seconds
  Import took 0.063852 seconds .

========================================================================
Received Import Request.
  Time since last request: 0.309824 seconds.
  path: ProjectSettings/TagManager.asset
  artifactKey: Guid(00000000000000003000000000000000) Importer(815301076,1909f56bfc062723c751e8b465ee728b)
Start importing ProjectSettings/TagManager.asset using Guid(00000000000000003000000000000000) Importer(815301076,1909f56bfc062723c751e8b465ee728b)  -> (artifact id: '8fb2e59ba1e6fe8dfd6ba2653bb281b5') in 0.048275 seconds
  Import took 0.061666 seconds .

========================================================================
Received Prepare
Registering precompiled user dll's ...
Registered in 0.028470 seconds.
Begin MonoManager ReloadAssembly
Native extension for WindowsStandalone target not found
Refreshing native plugins compatible for Editor in 1.17 ms, found 2 plugins.
Preloading 0 native plugins for Editor in 0.00 ms.
Invoked RoslynAnalysisRunner static constructor.
RoslynAnalysisRunner will not be running.
RoslynAnalysisRunner has terminated.
Mono: successfully reloaded assembly
- Completed reload, in  2.295 seconds
Platform modules already initialized, skipping
Switching build target platform(5) subTarget(0) extendedPlatform(0) -> platform(13) subTarget(537395200) extendedPlatform(0)
Refreshing native plugins compatible for Editor in 1.04 ms, found 2 plugins.
Preloading 0 native plugins for Editor in 0.00 ms.
Unloading 1495 Unused Serialized files (Serialized files now loaded: 0)
System memory in use before: 114.1 MB.
System memory in use after: 114.2 MB.

Unloading 38 unused Assets to reduce memory usage. Loaded Objects now: 2048.
Total: 3.100200 ms (FindLiveObjects: 0.417500 ms CreateObjectMapping: 0.189700 ms MarkObjects: 2.255600 ms  DeleteObjects: 0.235300 ms)

AssetImportParameters requested are different than current active one (requested -> active):
  custom:graphics/normal-map-encoding: 01000000000000000000000000000000 -> 02000000000000000000000000000000
========================================================================
Received Prepare
Registering precompiled user dll's ...
Registered in 0.029383 seconds.
Begin MonoManager ReloadAssembly
Native extension for WindowsStandalone target not found
Refreshing native plugins compatible for Editor in 1.28 ms, found 2 plugins.
Preloading 0 native plugins for Editor in 0.00 ms.
Invoked RoslynAnalysisRunner static constructor.
RoslynAnalysisRunner will not be running.
RoslynAnalysisRunner has terminated.
Mono: successfully reloaded assembly
- Completed reload, in  2.264 seconds
Platform modules already initialized, skipping
Switching build target platform(5) subTarget(0) extendedPlatform(0) -> platform(13) subTarget(537395200) extendedPlatform(0)
Refreshing native plugins compatible for Editor in 0.93 ms, found 2 plugins.
Preloading 0 native plugins for Editor in 0.00 ms.
Unloading 1495 Unused Serialized files (Serialized files now loaded: 0)
System memory in use before: 114.3 MB.
System memory in use after: 114.3 MB.

Unloading 36 unused Assets to reduce memory usage. Loaded Objects now: 2050.
Total: 3.096400 ms (FindLiveObjects: 0.503900 ms CreateObjectMapping: 0.129000 ms MarkObjects: 2.109500 ms  DeleteObjects: 0.351600 ms)

AssetImportParameters requested are different than current active one (requested -> active):
  custom:graphics/normal-map-encoding: 01000000000000000000000000000000 -> 02000000000000000000000000000000
========================================================================
Received Prepare
Registering precompiled user dll's ...
Registered in 0.011644 seconds.
Begin MonoManager ReloadAssembly
Native extension for WindowsStandalone target not found
Refreshing native plugins compatible for Editor in 2.05 ms, found 2 plugins.
Preloading 0 native plugins for Editor in 0.00 ms.
Invoked RoslynAnalysisRunner static constructor.
RoslynAnalysisRunner will not be running.
RoslynAnalysisRunner has terminated.
Mono: successfully reloaded assembly
- Completed reload, in  2.237 seconds
Platform modules already initialized, skipping
Switching build target platform(5) subTarget(0) extendedPlatform(0) -> platform(13) subTarget(537395200) extendedPlatform(0)
Refreshing native plugins compatible for Editor in 1.35 ms, found 2 plugins.
Preloading 0 native plugins for Editor in 0.00 ms.
Unloading 1495 Unused Serialized files (Serialized files now loaded: 0)
System memory in use before: 114.4 MB.
System memory in use after: 114.5 MB.

Unloading 36 unused Assets to reduce memory usage. Loaded Objects now: 2052.
Total: 2.818100 ms (FindLiveObjects: 0.339300 ms CreateObjectMapping: 0.089500 ms MarkObjects: 2.227900 ms  DeleteObjects: 0.159200 ms)

AssetImportParameters requested are different than current active one (requested -> active):
  custom:graphics/normal-map-encoding: 01000000000000000000000000000000 -> 02000000000000000000000000000000
========================================================================
Received Prepare
Registering precompiled user dll's ...
Registered in 0.007474 seconds.
Begin MonoManager ReloadAssembly
Native extension for WindowsStandalone target not found
Refreshing native plugins compatible for Editor in 1.60 ms, found 2 plugins.
Preloading 0 native plugins for Editor in 0.00 ms.
Invoked RoslynAnalysisRunner static constructor.
RoslynAnalysisRunner will not be running.
RoslynAnalysisRunner has terminated.
Mono: successfully reloaded assembly
- Completed reload, in  1.861 seconds
Platform modules already initialized, skipping
Switching build target platform(5) subTarget(0) extendedPlatform(0) -> platform(13) subTarget(537395200) extendedPlatform(0)
Refreshing native plugins compatible for Editor in 1.54 ms, found 2 plugins.
Preloading 0 native plugins for Editor in 0.00 ms.
Unloading 1495 Unused Serialized files (Serialized files now loaded: 0)
System memory in use before: 114.6 MB.
System memory in use after: 114.6 MB.

Unloading 36 unused Assets to reduce memory usage. Loaded Objects now: 2054.
Total: 2.621100 ms (FindLiveObjects: 0.310400 ms CreateObjectMapping: 0.133000 ms MarkObjects: 2.011400 ms  DeleteObjects: 0.164200 ms)

AssetImportParameters requested are different than current active one (requested -> active):
  custom:graphics/normal-map-encoding: 01000000000000000000000000000000 -> 02000000000000000000000000000000
========================================================================
Received Import Request.
  Time since last request: 248.944603 seconds.
  path: Assets/Scripts/GameSceneManager/PlayState.cs
  artifactKey: Guid(f950836e07be21341bdae1a755f4c3ab) Importer(815301076,1909f56bfc062723c751e8b465ee728b)
Start importing Assets/Scripts/GameSceneManager/PlayState.cs using Guid(f950836e07be21341bdae1a755f4c3ab) Importer(815301076,1909f56bfc062723c751e8b465ee728b)  -> (artifact id: 'decd34e6d8070c110dd2904b1976fba5') in 0.185674 seconds
  Import took 0.191271 seconds .

========================================================================
Received Prepare
Registering precompiled user dll's ...
Registered in 0.007972 seconds.
Begin MonoManager ReloadAssembly
Native extension for WindowsStandalone target not found
Refreshing native plugins compatible for Editor in 1.47 ms, found 2 plugins.
Preloading 0 native plugins for Editor in 0.00 ms.
Invoked RoslynAnalysisRunner static constructor.
RoslynAnalysisRunner will not be running.
RoslynAnalysisRunner has terminated.
Mono: successfully reloaded assembly
- Completed reload, in  2.254 seconds
Platform modules already initialized, skipping
Switching build target platform(5) subTarget(0) extendedPlatform(0) -> platform(13) subTarget(537395200) extendedPlatform(0)
Refreshing native plugins compatible for Editor in 1.86 ms, found 2 plugins.
Preloading 0 native plugins for Editor in 0.00 ms.
Unloading 1495 Unused Serialized files (Serialized files now loaded: 0)
System memory in use before: 114.7 MB.
System memory in use after: 114.8 MB.

Unloading 36 unused Assets to reduce memory usage. Loaded Objects now: 2056.
Total: 3.671400 ms (FindLiveObjects: 0.345500 ms CreateObjectMapping: 0.123500 ms MarkObjects: 2.938800 ms  DeleteObjects: 0.261500 ms)

AssetImportParameters requested are different than current active one (requested -> active):
  custom:graphics/normal-map-encoding: 01000000000000000000000000000000 -> 02000000000000000000000000000000
========================================================================
Received Import Request.
  Time since last request: 196.876643 seconds.
  path: Assets/Scripts/GameSceneManager/PlayState.cs
  artifactKey: Guid(f950836e07be21341bdae1a755f4c3ab) Importer(815301076,1909f56bfc062723c751e8b465ee728b)
Start importing Assets/Scripts/GameSceneManager/PlayState.cs using Guid(f950836e07be21341bdae1a755f4c3ab) Importer(815301076,1909f56bfc062723c751e8b465ee728b)  -> (artifact id: 'e876edba5e5ce7b9a3634c2ec0e82576') in 0.035146 seconds
  Import took 0.041445 seconds .

========================================================================
Received Import Request.
  Time since last request: 3.526176 seconds.
  path: Assets/Scripts/GameSceneManager/PlayState.cs
  artifactKey: Guid(f950836e07be21341bdae1a755f4c3ab) Importer(815301076,1909f56bfc062723c751e8b465ee728b)
Start importing Assets/Scripts/GameSceneManager/PlayState.cs using Guid(f950836e07be21341bdae1a755f4c3ab) Importer(815301076,1909f56bfc062723c751e8b465ee728b)  -> (artifact id: 'e876edba5e5ce7b9a3634c2ec0e82576') in 0.013892 seconds
  Import took 0.018907 seconds .

========================================================================
Received Prepare
Registering precompiled user dll's ...
Registered in 0.015871 seconds.
Begin MonoManager ReloadAssembly
Native extension for WindowsStandalone target not found
Refreshing native plugins compatible for Editor in 1.63 ms, found 2 plugins.
Preloading 0 native plugins for Editor in 0.00 ms.
Invoked RoslynAnalysisRunner static constructor.
RoslynAnalysisRunner will not be running.
RoslynAnalysisRunner has terminated.
Mono: successfully reloaded assembly
- Completed reload, in  2.198 seconds
Platform modules already initialized, skipping
Switching build target platform(5) subTarget(0) extendedPlatform(0) -> platform(13) subTarget(537395200) extendedPlatform(0)
Refreshing native plugins compatible for Editor in 2.67 ms, found 2 plugins.
Preloading 0 native plugins for Editor in 0.00 ms.
Unloading 1495 Unused Serialized files (Serialized files now loaded: 0)
System memory in use before: 114.9 MB.
System memory in use after: 114.9 MB.

Unloading 36 unused Assets to reduce memory usage. Loaded Objects now: 2058.
Total: 3.393100 ms (FindLiveObjects: 0.227100 ms CreateObjectMapping: 0.076700 ms MarkObjects: 2.918800 ms  DeleteObjects: 0.168900 ms)

AssetImportParameters requested are different than current active one (requested -> active):
  custom:graphics/normal-map-encoding: 01000000000000000000000000000000 -> 02000000000000000000000000000000
========================================================================
Received Import Request.
  Time since last request: 63.822303 seconds.
  path: Assets/Scripts/GameSceneManager/PlayState.cs
  artifactKey: Guid(f950836e07be21341bdae1a755f4c3ab) Importer(815301076,1909f56bfc062723c751e8b465ee728b)
Start importing Assets/Scripts/GameSceneManager/PlayState.cs using Guid(f950836e07be21341bdae1a755f4c3ab) Importer(815301076,1909f56bfc062723c751e8b465ee728b)  -> (artifact id: '0a3f3f2abbe50f83ca22057e11b684f3') in 0.013855 seconds
  Import took 0.018707 seconds .

========================================================================
Received Prepare
Registering precompiled user dll's ...
Registered in 0.011893 seconds.
Begin MonoManager ReloadAssembly
Native extension for WindowsStandalone target not found
Refreshing native plugins compatible for Editor in 2.17 ms, found 2 plugins.
Preloading 0 native plugins for Editor in 0.00 ms.
Invoked RoslynAnalysisRunner static constructor.
RoslynAnalysisRunner will not be running.
RoslynAnalysisRunner has terminated.
Mono: successfully reloaded assembly
- Completed reload, in  2.429 seconds
Platform modules already initialized, skipping
Switching build target platform(5) subTarget(0) extendedPlatform(0) -> platform(13) subTarget(537395200) extendedPlatform(0)
Refreshing native plugins compatible for Editor in 0.97 ms, found 2 plugins.
Preloading 0 native plugins for Editor in 0.00 ms.
Unloading 1495 Unused Serialized files (Serialized files now loaded: 0)
System memory in use before: 114.9 MB.
System memory in use after: 115.0 MB.

Unloading 36 unused Assets to reduce memory usage. Loaded Objects now: 2060.
Total: 2.757800 ms (FindLiveObjects: 0.287600 ms CreateObjectMapping: 0.090800 ms MarkObjects: 2.211700 ms  DeleteObjects: 0.165900 ms)

AssetImportParameters requested are different than current active one (requested -> active):
  custom:graphics/normal-map-encoding: 01000000000000000000000000000000 -> 02000000000000000000000000000000
========================================================================
Received Prepare
Registering precompiled user dll's ...
Registered in 0.105461 seconds.
Begin MonoManager ReloadAssembly
Native extension for WindowsStandalone target not found
Refreshing native plugins compatible for Editor in 1.26 ms, found 2 plugins.
Preloading 0 native plugins for Editor in 0.00 ms.
Invoked RoslynAnalysisRunner static constructor.
RoslynAnalysisRunner will not be running.
RoslynAnalysisRunner has terminated.
Mono: successfully reloaded assembly
- Completed reload, in  1.901 seconds
Platform modules already initialized, skipping
Switching build target platform(5) subTarget(0) extendedPlatform(0) -> platform(13) subTarget(537395200) extendedPlatform(0)
Refreshing native plugins compatible for Editor in 1.52 ms, found 2 plugins.
Preloading 0 native plugins for Editor in 0.00 ms.
Unloading 1495 Unused Serialized files (Serialized files now loaded: 0)
System memory in use before: 114.2 MB.
System memory in use after: 114.3 MB.

Unloading 36 unused Assets to reduce memory usage. Loaded Objects now: 2062.
Total: 13.389100 ms (FindLiveObjects: 0.814600 ms CreateObjectMapping: 0.155600 ms MarkObjects: 12.123500 ms  DeleteObjects: 0.292900 ms)

AssetImportParameters requested are different than current active one (requested -> active):
  custom:graphics/normal-map-encoding: 01000000000000000000000000000000 -> 02000000000000000000000000000000
========================================================================
Received Import Request.
  Time since last request: 657.179014 seconds.
  path: Assets/Plugins
  artifactKey: Guid(f7575b02fc60340679b38904168d2b88) Importer(815301076,1909f56bfc062723c751e8b465ee728b)
Start importing Assets/Plugins using Guid(f7575b02fc60340679b38904168d2b88) Importer(815301076,1909f56bfc062723c751e8b465ee728b)  -> (artifact id: '54312da07f33f8e48fd42aa2ae2600e5') in 0.185601 seconds
  Import took 0.192433 seconds .

========================================================================
Received Import Request.
  Time since last request: 2.851128 seconds.
  path: Assets/Prefabs/Game/WorkEscape.prefab
  artifactKey: Guid(c0b0fcc7813d24d4ab31a84e92a25c8c) Importer(815301076,1909f56bfc062723c751e8b465ee728b)
Start importing Assets/Prefabs/Game/WorkEscape.prefab using Guid(c0b0fcc7813d24d4ab31a84e92a25c8c) Importer(815301076,1909f56bfc062723c751e8b465ee728b)  -> (artifact id: '27aa1783b1725f51eb1f3150de004238') in 1.290185 seconds
  Import took 1.297313 seconds .

========================================================================
Received Import Request.
  Time since last request: 25.021502 seconds.
  path: Assets/Prefabs/Game/WorkEscape.prefab
  artifactKey: Guid(c0b0fcc7813d24d4ab31a84e92a25c8c) Importer(815301076,1909f56bfc062723c751e8b465ee728b)
Start importing Assets/Prefabs/Game/WorkEscape.prefab using Guid(c0b0fcc7813d24d4ab31a84e92a25c8c) Importer(815301076,1909f56bfc062723c751e8b465ee728b)  -> (artifact id: '5b97df1982de0c7cc28abcab20103fc7') in 0.382085 seconds
  Import took 0.396055 seconds .

========================================================================
Received Import Request.
  Time since last request: 1.860907 seconds.
  path: Assets/Prefabs/Game/WorkEscape.prefab
  artifactKey: Guid(c0b0fcc7813d24d4ab31a84e92a25c8c) Importer(815301076,1909f56bfc062723c751e8b465ee728b)
Start importing Assets/Prefabs/Game/WorkEscape.prefab using Guid(c0b0fcc7813d24d4ab31a84e92a25c8c) Importer(815301076,1909f56bfc062723c751e8b465ee728b)  -> (artifact id: '68a34ad0d169ef3e67ccb11ba5cc0ab3') in 0.313563 seconds
  Import took 0.321808 seconds .

========================================================================
Received Prepare
Registering precompiled user dll's ...
Registered in 0.010135 seconds.
Begin MonoManager ReloadAssembly
Native extension for WindowsStandalone target not found
Refreshing native plugins compatible for Editor in 1.01 ms, found 2 plugins.
Preloading 0 native plugins for Editor in 0.00 ms.
Invoked RoslynAnalysisRunner static constructor.
RoslynAnalysisRunner will not be running.
RoslynAnalysisRunner has terminated.
Mono: successfully reloaded assembly
- Completed reload, in  2.722 seconds
Platform modules already initialized, skipping
Switching build target platform(5) subTarget(0) extendedPlatform(0) -> platform(13) subTarget(537395200) extendedPlatform(0)
Refreshing native plugins compatible for Editor in 1.55 ms, found 2 plugins.
Preloading 0 native plugins for Editor in 0.00 ms.
Unloading 1495 Unused Serialized files (Serialized files now loaded: 0)
System memory in use before: 114.4 MB.
System memory in use after: 114.5 MB.

Unloading 37 unused Assets to reduce memory usage. Loaded Objects now: 2065.
Total: 2.982200 ms (FindLiveObjects: 0.248100 ms CreateObjectMapping: 0.085900 ms MarkObjects: 2.468300 ms  DeleteObjects: 0.177600 ms)

AssetImportParameters requested are different than current active one (requested -> active):
  custom:graphics/normal-map-encoding: 01000000000000000000000000000000 -> 02000000000000000000000000000000
========================================================================
Received Prepare
Registering precompiled user dll's ...
Registered in 0.012199 seconds.
Begin MonoManager ReloadAssembly
Native extension for WindowsStandalone target not found
Refreshing native plugins compatible for Editor in 0.98 ms, found 2 plugins.
Preloading 0 native plugins for Editor in 0.00 ms.
Invoked RoslynAnalysisRunner static constructor.
RoslynAnalysisRunner will not be running.
RoslynAnalysisRunner has terminated.
Mono: successfully reloaded assembly
- Completed reload, in  2.307 seconds
Platform modules already initialized, skipping
Switching build target platform(5) subTarget(0) extendedPlatform(0) -> platform(13) subTarget(537395200) extendedPlatform(0)
Refreshing native plugins compatible for Editor in 1.51 ms, found 2 plugins.
Preloading 0 native plugins for Editor in 0.00 ms.
Unloading 1495 Unused Serialized files (Serialized files now loaded: 0)
System memory in use before: 114.6 MB.
System memory in use after: 114.6 MB.

Unloading 36 unused Assets to reduce memory usage. Loaded Objects now: 2067.
Total: 3.237900 ms (FindLiveObjects: 0.320100 ms CreateObjectMapping: 0.104900 ms MarkObjects: 2.580300 ms  DeleteObjects: 0.230200 ms)

AssetImportParameters requested are different than current active one (requested -> active):
  custom:graphics/normal-map-encoding: 01000000000000000000000000000000 -> 02000000000000000000000000000000
========================================================================
Received Prepare
Registering precompiled user dll's ...
Registered in 0.020208 seconds.
Begin MonoManager ReloadAssembly
Native extension for WindowsStandalone target not found
Refreshing native plugins compatible for Editor in 1.27 ms, found 2 plugins.
Preloading 0 native plugins for Editor in 0.00 ms.
Invoked RoslynAnalysisRunner static constructor.
RoslynAnalysisRunner will not be running.
RoslynAnalysisRunner has terminated.
Mono: successfully reloaded assembly
- Completed reload, in  2.918 seconds
Platform modules already initialized, skipping
Switching build target platform(5) subTarget(0) extendedPlatform(0) -> platform(13) subTarget(537395200) extendedPlatform(0)
Refreshing native plugins compatible for Editor in 1.11 ms, found 2 plugins.
Preloading 0 native plugins for Editor in 0.00 ms.
Unloading 1495 Unused Serialized files (Serialized files now loaded: 0)
System memory in use before: 114.7 MB.
System memory in use after: 114.8 MB.

Unloading 36 unused Assets to reduce memory usage. Loaded Objects now: 2069.
Total: 5.025600 ms (FindLiveObjects: 1.083300 ms CreateObjectMapping: 0.564100 ms MarkObjects: 3.072000 ms  DeleteObjects: 0.303900 ms)

AssetImportParameters requested are different than current active one (requested -> active):
  custom:graphics/normal-map-encoding: 01000000000000000000000000000000 -> 02000000000000000000000000000000
========================================================================
Received Prepare
Registering precompiled user dll's ...
Registered in 0.010234 seconds.
Begin MonoManager ReloadAssembly
Native extension for WindowsStandalone target not found
Refreshing native plugins compatible for Editor in 1.10 ms, found 2 plugins.
Preloading 0 native plugins for Editor in 0.00 ms.
Invoked RoslynAnalysisRunner static constructor.
RoslynAnalysisRunner will not be running.
RoslynAnalysisRunner has terminated.
Mono: successfully reloaded assembly
- Completed reload, in  1.965 seconds
Platform modules already initialized, skipping
Switching build target platform(5) subTarget(0) extendedPlatform(0) -> platform(13) subTarget(537395200) extendedPlatform(0)
Refreshing native plugins compatible for Editor in 1.00 ms, found 2 plugins.
Preloading 0 native plugins for Editor in 0.00 ms.
Unloading 1495 Unused Serialized files (Serialized files now loaded: 0)
System memory in use before: 114.9 MB.
System memory in use after: 115.0 MB.

Unloading 36 unused Assets to reduce memory usage. Loaded Objects now: 2071.
Total: 2.806800 ms (FindLiveObjects: 0.345800 ms CreateObjectMapping: 0.108100 ms MarkObjects: 2.187000 ms  DeleteObjects: 0.163700 ms)

AssetImportParameters requested are different than current active one (requested -> active):
  custom:graphics/normal-map-encoding: 01000000000000000000000000000000 -> 02000000000000000000000000000000
========================================================================
Received Prepare
Registering precompiled user dll's ...
Registered in 0.006497 seconds.
Begin MonoManager ReloadAssembly
Native extension for WindowsStandalone target not found
Refreshing native plugins compatible for Editor in 1.01 ms, found 2 plugins.
Preloading 0 native plugins for Editor in 0.00 ms.
Invoked RoslynAnalysisRunner static constructor.
RoslynAnalysisRunner will not be running.
RoslynAnalysisRunner has terminated.
Mono: successfully reloaded assembly
- Completed reload, in  4.568 seconds
Platform modules already initialized, skipping
Switching build target platform(5) subTarget(0) extendedPlatform(0) -> platform(13) subTarget(537395200) extendedPlatform(0)
Refreshing native plugins compatible for Editor in 1.15 ms, found 2 plugins.
Preloading 0 native plugins for Editor in 0.00 ms.
Unloading 1495 Unused Serialized files (Serialized files now loaded: 0)
System memory in use before: 115.0 MB.
System memory in use after: 115.1 MB.

Unloading 36 unused Assets to reduce memory usage. Loaded Objects now: 2073.
Total: 2.883200 ms (FindLiveObjects: 0.603900 ms CreateObjectMapping: 0.149500 ms MarkObjects: 1.962000 ms  DeleteObjects: 0.164600 ms)

AssetImportParameters requested are different than current active one (requested -> active):
  custom:graphics/normal-map-encoding: 01000000000000000000000000000000 -> 02000000000000000000000000000000
========================================================================
Received Prepare
Registering precompiled user dll's ...
Registered in 0.042015 seconds.
Begin MonoManager ReloadAssembly
Native extension for WindowsStandalone target not found
Refreshing native plugins compatible for Editor in 1.01 ms, found 2 plugins.
Preloading 0 native plugins for Editor in 0.00 ms.
Invoked RoslynAnalysisRunner static constructor.
RoslynAnalysisRunner will not be running.
RoslynAnalysisRunner has terminated.
Mono: successfully reloaded assembly
- Completed reload, in  1.936 seconds
Platform modules already initialized, skipping
Switching build target platform(5) subTarget(0) extendedPlatform(0) -> platform(13) subTarget(537395200) extendedPlatform(0)
Refreshing native plugins compatible for Editor in 0.96 ms, found 2 plugins.
Preloading 0 native plugins for Editor in 0.00 ms.
Unloading 1495 Unused Serialized files (Serialized files now loaded: 0)
System memory in use before: 114.2 MB.
System memory in use after: 114.3 MB.

Unloading 36 unused Assets to reduce memory usage. Loaded Objects now: 2075.
Total: 2.568300 ms (FindLiveObjects: 0.242600 ms CreateObjectMapping: 0.078800 ms MarkObjects: 2.080700 ms  DeleteObjects: 0.164500 ms)

AssetImportParameters requested are different than current active one (requested -> active):
  custom:graphics/normal-map-encoding: 01000000000000000000000000000000 -> 02000000000000000000000000000000
========================================================================
Received Prepare
Registering precompiled user dll's ...
Registered in 0.005543 seconds.
Begin MonoManager ReloadAssembly
Native extension for WindowsStandalone target not found
Refreshing native plugins compatible for Editor in 1.00 ms, found 2 plugins.
Preloading 0 native plugins for Editor in 0.00 ms.
Invoked RoslynAnalysisRunner static constructor.
RoslynAnalysisRunner will not be running.
RoslynAnalysisRunner has terminated.
Mono: successfully reloaded assembly
- Completed reload, in  2.452 seconds
Platform modules already initialized, skipping
Switching build target platform(5) subTarget(0) extendedPlatform(0) -> platform(13) subTarget(537395200) extendedPlatform(0)
Refreshing native plugins compatible for Editor in 1.08 ms, found 2 plugins.
Preloading 0 native plugins for Editor in 0.00 ms.
Unloading 1495 Unused Serialized files (Serialized files now loaded: 0)
System memory in use before: 114.4 MB.
System memory in use after: 114.4 MB.

Unloading 36 unused Assets to reduce memory usage. Loaded Objects now: 2077.
Total: 3.684300 ms (FindLiveObjects: 0.533300 ms CreateObjectMapping: 0.122700 ms MarkObjects: 2.807900 ms  DeleteObjects: 0.218200 ms)

AssetImportParameters requested are different than current active one (requested -> active):
  custom:graphics/normal-map-encoding: 01000000000000000000000000000000 -> 02000000000000000000000000000000
========================================================================
Received Import Request.
  Time since last request: 1582.119504 seconds.
  path: Assets/Prefabs/Game/WorkEscape.prefab
  artifactKey: Guid(c0b0fcc7813d24d4ab31a84e92a25c8c) Importer(815301076,1909f56bfc062723c751e8b465ee728b)
Start importing Assets/Prefabs/Game/WorkEscape.prefab using Guid(c0b0fcc7813d24d4ab31a84e92a25c8c) Importer(815301076,1909f56bfc062723c751e8b465ee728b)  -> (artifact id: '1e8f064cedf9fcf6578eae1ed300d274') in 0.486901 seconds
  Import took 0.496627 seconds .

========================================================================
Received Import Request.
  Time since last request: 0.126323 seconds.
  path: Assets/Prefabs/Game/WorkEscape.prefab
  artifactKey: Guid(c0b0fcc7813d24d4ab31a84e92a25c8c) Importer(815301076,1909f56bfc062723c751e8b465ee728b)
Start importing Assets/Prefabs/Game/WorkEscape.prefab using Guid(c0b0fcc7813d24d4ab31a84e92a25c8c) Importer(815301076,1909f56bfc062723c751e8b465ee728b)  -> (artifact id: '1e8f064cedf9fcf6578eae1ed300d274') in 0.416170 seconds
  Import took 0.427730 seconds .

========================================================================
Received Import Request.
  Time since last request: 47.028752 seconds.
  path: Assets/Prefabs/Game/WorkEscape.prefab
  artifactKey: Guid(c0b0fcc7813d24d4ab31a84e92a25c8c) Importer(815301076,1909f56bfc062723c751e8b465ee728b)
Start importing Assets/Prefabs/Game/WorkEscape.prefab using Guid(c0b0fcc7813d24d4ab31a84e92a25c8c) Importer(815301076,1909f56bfc062723c751e8b465ee728b)  -> (artifact id: '267256cb0f417cf521894c03f1ab69ea') in 0.362172 seconds
  Import took 0.369224 seconds .

========================================================================
Received Import Request.
  Time since last request: 9.807185 seconds.
  path: Assets/Prefabs/Game/WorkEscape.prefab
  artifactKey: Guid(c0b0fcc7813d24d4ab31a84e92a25c8c) Importer(815301076,1909f56bfc062723c751e8b465ee728b)
Start importing Assets/Prefabs/Game/WorkEscape.prefab using Guid(c0b0fcc7813d24d4ab31a84e92a25c8c) Importer(815301076,1909f56bfc062723c751e8b465ee728b)  -> (artifact id: '0b3a4773b67cf23efcc40caa39e4a54d') in 0.277061 seconds
  Import took 0.290556 seconds .

========================================================================
Received Import Request.
  Time since last request: 13.873431 seconds.
  path: Assets/Prefabs/Game/WorkEscape.prefab
  artifactKey: Guid(c0b0fcc7813d24d4ab31a84e92a25c8c) Importer(815301076,1909f56bfc062723c751e8b465ee728b)
Start importing Assets/Prefabs/Game/WorkEscape.prefab using Guid(c0b0fcc7813d24d4ab31a84e92a25c8c) Importer(815301076,1909f56bfc062723c751e8b465ee728b)  -> (artifact id: '054e9486f81f6658e02503d8f60553ce') in 0.960078 seconds
  Import took 0.982942 seconds .

========================================================================
Received Import Request.
  Time since last request: 3.912410 seconds.
  path: Assets/Prefabs/Game/WorkEscape.prefab
  artifactKey: Guid(c0b0fcc7813d24d4ab31a84e92a25c8c) Importer(815301076,1909f56bfc062723c751e8b465ee728b)
Start importing Assets/Prefabs/Game/WorkEscape.prefab using Guid(c0b0fcc7813d24d4ab31a84e92a25c8c) Importer(815301076,1909f56bfc062723c751e8b465ee728b)  -> (artifact id: 'ddffcada3e4fdc4fc9e274f2e537e1d7') in 1.015744 seconds
  Import took 1.027022 seconds .

========================================================================
Received Import Request.
  Time since last request: 3.821770 seconds.
  path: Assets/Prefabs/Game/WorkEscape.prefab
  artifactKey: Guid(c0b0fcc7813d24d4ab31a84e92a25c8c) Importer(815301076,1909f56bfc062723c751e8b465ee728b)
Start importing Assets/Prefabs/Game/WorkEscape.prefab using Guid(c0b0fcc7813d24d4ab31a84e92a25c8c) Importer(815301076,1909f56bfc062723c751e8b465ee728b)  -> (artifact id: '493380876f4a7c3870c95e1b55e975ba') in 0.635437 seconds
  Import took 0.643818 seconds .

========================================================================
Received Import Request.
  Time since last request: 4.511266 seconds.
  path: Assets/Prefabs/Game/WorkEscape.prefab
  artifactKey: Guid(c0b0fcc7813d24d4ab31a84e92a25c8c) Importer(815301076,1909f56bfc062723c751e8b465ee728b)
Start importing Assets/Prefabs/Game/WorkEscape.prefab using Guid(c0b0fcc7813d24d4ab31a84e92a25c8c) Importer(815301076,1909f56bfc062723c751e8b465ee728b)  -> (artifact id: '8331e03c5fd60c81769af7673b026dc1') in 0.605694 seconds
  Import took 0.622480 seconds .

========================================================================
Received Import Request.
  Time since last request: 7.635037 seconds.
  path: Assets/Prefabs/Game/WorkEscape.prefab
  artifactKey: Guid(c0b0fcc7813d24d4ab31a84e92a25c8c) Importer(815301076,1909f56bfc062723c751e8b465ee728b)
Start importing Assets/Prefabs/Game/WorkEscape.prefab using Guid(c0b0fcc7813d24d4ab31a84e92a25c8c) Importer(815301076,1909f56bfc062723c751e8b465ee728b)  -> (artifact id: '2f532065d7bfb8b9760ef6c0c529dbfd') in 0.488373 seconds
  Import took 0.503486 seconds .

========================================================================
Received Prepare
Registering precompiled user dll's ...
Registered in 0.027481 seconds.
Begin MonoManager ReloadAssembly
Native extension for WindowsStandalone target not found
Refreshing native plugins compatible for Editor in 1.13 ms, found 2 plugins.
Preloading 0 native plugins for Editor in 0.00 ms.
Invoked RoslynAnalysisRunner static constructor.
RoslynAnalysisRunner will not be running.
RoslynAnalysisRunner has terminated.
Mono: successfully reloaded assembly
- Completed reload, in  2.987 seconds
Platform modules already initialized, skipping
Switching build target platform(5) subTarget(0) extendedPlatform(0) -> platform(13) subTarget(537395200) extendedPlatform(0)
Refreshing native plugins compatible for Editor in 1.01 ms, found 2 plugins.
Preloading 0 native plugins for Editor in 0.00 ms.
Unloading 1495 Unused Serialized files (Serialized files now loaded: 0)
System memory in use before: 114.7 MB.
System memory in use after: 114.7 MB.

Unloading 37 unused Assets to reduce memory usage. Loaded Objects now: 2080.
Total: 2.625900 ms (FindLiveObjects: 0.254000 ms CreateObjectMapping: 0.119500 ms MarkObjects: 2.073100 ms  DeleteObjects: 0.177300 ms)

AssetImportParameters requested are different than current active one (requested -> active):
  custom:graphics/normal-map-encoding: 01000000000000000000000000000000 -> 02000000000000000000000000000000
========================================================================
Received Prepare
Registering precompiled user dll's ...
Registered in 0.009515 seconds.
Begin MonoManager ReloadAssembly
Native extension for WindowsStandalone target not found
Refreshing native plugins compatible for Editor in 1.93 ms, found 2 plugins.
Preloading 0 native plugins for Editor in 0.00 ms.
Invoked RoslynAnalysisRunner static constructor.
RoslynAnalysisRunner will not be running.
RoslynAnalysisRunner has terminated.
Mono: successfully reloaded assembly
- Completed reload, in  2.319 seconds
Platform modules already initialized, skipping
Switching build target platform(5) subTarget(0) extendedPlatform(0) -> platform(13) subTarget(537395200) extendedPlatform(0)
Refreshing native plugins compatible for Editor in 1.24 ms, found 2 plugins.
Preloading 0 native plugins for Editor in 0.00 ms.
Unloading 1495 Unused Serialized files (Serialized files now loaded: 0)
System memory in use before: 114.8 MB.
System memory in use after: 114.9 MB.

Unloading 36 unused Assets to reduce memory usage. Loaded Objects now: 2082.
Total: 4.329200 ms (FindLiveObjects: 0.467900 ms CreateObjectMapping: 0.177900 ms MarkObjects: 3.341800 ms  DeleteObjects: 0.339400 ms)

AssetImportParameters requested are different than current active one (requested -> active):
  custom:graphics/normal-map-encoding: 01000000000000000000000000000000 -> 02000000000000000000000000000000
========================================================================
Received Prepare
Registering precompiled user dll's ...
Registered in 0.013154 seconds.
Begin MonoManager ReloadAssembly
Native extension for WindowsStandalone target not found
Refreshing native plugins compatible for Editor in 1.85 ms, found 2 plugins.
Preloading 0 native plugins for Editor in 0.00 ms.
Invoked RoslynAnalysisRunner static constructor.
RoslynAnalysisRunner will not be running.
RoslynAnalysisRunner has terminated.
Mono: successfully reloaded assembly
- Completed reload, in  2.724 seconds
Platform modules already initialized, skipping
Switching build target platform(5) subTarget(0) extendedPlatform(0) -> platform(13) subTarget(537395200) extendedPlatform(0)
Refreshing native plugins compatible for Editor in 1.48 ms, found 2 plugins.
Preloading 0 native plugins for Editor in 0.00 ms.
Unloading 1495 Unused Serialized files (Serialized files now loaded: 0)
System memory in use before: 115.0 MB.
System memory in use after: 115.1 MB.

Unloading 36 unused Assets to reduce memory usage. Loaded Objects now: 2084.
Total: 2.905300 ms (FindLiveObjects: 0.320300 ms CreateObjectMapping: 0.121600 ms MarkObjects: 2.296100 ms  DeleteObjects: 0.164500 ms)

AssetImportParameters requested are different than current active one (requested -> active):
  custom:graphics/normal-map-encoding: 01000000000000000000000000000000 -> 02000000000000000000000000000000
========================================================================
Received Prepare
Registering precompiled user dll's ...
Registered in 1.093068 seconds.
Begin MonoManager ReloadAssembly
Native extension for WindowsStandalone target not found
Refreshing native plugins compatible for Editor in 1.68 ms, found 2 plugins.
Preloading 0 native plugins for Editor in 0.00 ms.
Invoked RoslynAnalysisRunner static constructor.
RoslynAnalysisRunner will not be running.
RoslynAnalysisRunner has terminated.
Mono: successfully reloaded assembly
- Completed reload, in  2.333 seconds
Platform modules already initialized, skipping
Switching build target platform(5) subTarget(0) extendedPlatform(0) -> platform(13) subTarget(537395200) extendedPlatform(0)
Refreshing native plugins compatible for Editor in 1.29 ms, found 2 plugins.
Preloading 0 native plugins for Editor in 0.00 ms.
Unloading 1495 Unused Serialized files (Serialized files now loaded: 0)
System memory in use before: 115.1 MB.
System memory in use after: 115.2 MB.

Unloading 36 unused Assets to reduce memory usage. Loaded Objects now: 2086.
Total: 7.908300 ms (FindLiveObjects: 0.650400 ms CreateObjectMapping: 0.169400 ms MarkObjects: 6.756100 ms  DeleteObjects: 0.329500 ms)

AssetImportParameters requested are different than current active one (requested -> active):
  custom:graphics/normal-map-encoding: 01000000000000000000000000000000 -> 02000000000000000000000000000000
========================================================================
Received Prepare
Registering precompiled user dll's ...
Registered in 0.005320 seconds.
Begin MonoManager ReloadAssembly
Native extension for WindowsStandalone target not found
Refreshing native plugins compatible for Editor in 1.23 ms, found 2 plugins.
Preloading 0 native plugins for Editor in 0.00 ms.
Invoked RoslynAnalysisRunner static constructor.
RoslynAnalysisRunner will not be running.
RoslynAnalysisRunner has terminated.
Mono: successfully reloaded assembly
- Completed reload, in  2.397 seconds
Platform modules already initialized, skipping
Switching build target platform(5) subTarget(0) extendedPlatform(0) -> platform(13) subTarget(537395200) extendedPlatform(0)
Refreshing native plugins compatible for Editor in 1.76 ms, found 2 plugins.
Preloading 0 native plugins for Editor in 0.00 ms.
Unloading 1495 Unused Serialized files (Serialized files now loaded: 0)
System memory in use before: 114.3 MB.
System memory in use after: 114.4 MB.

Unloading 36 unused Assets to reduce memory usage. Loaded Objects now: 2088.
Total: 3.605100 ms (FindLiveObjects: 0.422600 ms CreateObjectMapping: 0.122400 ms MarkObjects: 2.890800 ms  DeleteObjects: 0.166300 ms)

AssetImportParameters requested are different than current active one (requested -> active):
  custom:graphics/normal-map-encoding: 01000000000000000000000000000000 -> 02000000000000000000000000000000
========================================================================
Received Prepare
Registering precompiled user dll's ...
Registered in 0.092197 seconds.
Begin MonoManager ReloadAssembly
Native extension for WindowsStandalone target not found
Refreshing native plugins compatible for Editor in 0.97 ms, found 2 plugins.
Preloading 0 native plugins for Editor in 0.00 ms.
Invoked RoslynAnalysisRunner static constructor.
RoslynAnalysisRunner will not be running.
RoslynAnalysisRunner has terminated.
Mono: successfully reloaded assembly
- Completed reload, in  1.749 seconds
Platform modules already initialized, skipping
Switching build target platform(5) subTarget(0) extendedPlatform(0) -> platform(13) subTarget(537395200) extendedPlatform(0)
Refreshing native plugins compatible for Editor in 1.24 ms, found 2 plugins.
Preloading 0 native plugins for Editor in 0.00 ms.
Unloading 1495 Unused Serialized files (Serialized files now loaded: 0)
System memory in use before: 114.5 MB.
System memory in use after: 114.6 MB.

Unloading 36 unused Assets to reduce memory usage. Loaded Objects now: 2090.
Total: 3.057700 ms (FindLiveObjects: 0.341400 ms CreateObjectMapping: 0.139000 ms MarkObjects: 2.354200 ms  DeleteObjects: 0.220400 ms)

AssetImportParameters requested are different than current active one (requested -> active):
  custom:graphics/normal-map-encoding: 01000000000000000000000000000000 -> 02000000000000000000000000000000
AssetImportWorkerClient::OnTransportError - code=2 error=End of file
